#
# There is insufficient memory for the Java Runtime Environment to continue.
# Native memory allocation (mmap) failed to map 268435456 bytes for Failed to commit area from 0x0000000701a00000 to 0x0000000711a00000 of length 268435456.
# Possible reasons:
#   The system is out of physical RAM or swap space
#   The process is running with CompressedOops enabled, and the Java Heap may be blocking the growth of the native heap
# Possible solutions:
#   Reduce memory load on the system
#   Increase physical memory or swap space
#   Check if swap backing store is full
#   Decrease Java heap size (-Xmx/-Xms)
#   Decrease number of Java threads
#   Decrease Java thread stack sizes (-Xss)
#   Set larger code cache with -XX:ReservedCodeCacheSize=
# This output file may be truncated or incomplete.
#
#  Out of Memory Error (./src/hotspot/os/windows/os_windows.cpp:3521), pid=18496, tid=19120
#
# JRE version:  (11.0.12+7) (build )
# Java VM: OpenJDK 64-Bit Server VM (11.0.12+7-b1504.40, mixed mode, sharing, tiered, compressed oops, g1 gc, windows-amd64)
# No core dump will be written. Minidumps are not enabled by default on client versions of Windows
#

---------------  S U M M A R Y ------------

Command Line: git4idea.http.GitAskPassApp Username for 'https://github.com': 

Host: Intel(R) Core(TM) i7-6700HQ CPU @ 2.60GHz, 8 cores, 15G,  Windows 10 , 64 bit Build 18362 (10.0.18362.86)
Time: Tue Apr 19 22:05:23 2022 Türkiye Standart Saati elapsed time: 0.036457 seconds (0d 0h 0m 0s)

---------------  T H R E A D  ---------------

Current thread (0x00000241fdb80000):  JavaThread "Unknown thread" [_thread_in_vm, id=19120, stack(0x000000a716200000,0x000000a716300000)]

Stack: [0x000000a716200000,0x000000a716300000]
Native frames: (J=compiled Java code, j=interpreted, Vv=VM code, C=native code)
V  [jvm.dll+0x5ff40a]
V  [jvm.dll+0x783b65]
V  [jvm.dll+0x78517d]
V  [jvm.dll+0x785833]
V  [jvm.dll+0x249408]
V  [jvm.dll+0x5fc7f4]
V  [jvm.dll+0x5f13c5]
V  [jvm.dll+0x3076bb]
V  [jvm.dll+0x30762a]
V  [jvm.dll+0x307502]
V  [jvm.dll+0x30c466]
V  [jvm.dll+0x355543]
V  [jvm.dll+0x355c46]
V  [jvm.dll+0x355643]
V  [jvm.dll+0x2e2018]
V  [jvm.dll+0x2e31c7]
V  [jvm.dll+0x761f57]
V  [jvm.dll+0x76374c]
V  [jvm.dll+0x362ab9]
V  [jvm.dll+0x7455be]
V  [jvm.dll+0x3cb673]
V  [jvm.dll+0x3cda21]
C  [jli.dll+0x536b]
C  [ucrtbase.dll+0x1d9f2]
C  [KERNEL32.DLL+0x17bd4]
C  [ntdll.dll+0x6ce71]


---------------  P R O C E S S  ---------------

Threads class SMR info:
_java_thread_list=0x00000241fba391d0, length=0, elements={
}

Java Threads: ( => current thread )

Other Threads:
  0x00000241fdb97000 GCTaskThread "GC Thread#0" [stack: 0x000000a716300000,0x000000a716400000] [id=19444]
  0x00000241fdbf7000 ConcurrentGCThread "G1 Main Marker" [stack: 0x000000a716400000,0x000000a716500000] [id=18052]
  0x00000241fdbf8800 ConcurrentGCThread "G1 Conc#0" [stack: 0x000000a716500000,0x000000a716600000] [id=18056]

[error occurred during error reporting (printing all threads), id 0xc0000005, EXCEPTION_ACCESS_VIOLATION (0xc0000005) at pc=0x00007fff45d827a7]

VM state:not at safepoint (not fully initialized)

VM Mutex/Monitor currently owned by a thread:  ([mutex/lock_event])
[0x00000241fdb7cfe0] Heap_lock - owner thread: 0x00000241fdb80000

Heap address: 0x0000000701a00000, size: 4070 MB, Compressed Oops mode: Non-zero based: 0x0000000701a00000
Narrow klass base: 0x0000000000000000, Narrow klass shift: 0

GC Heap History (0 events):
No events

Deoptimization events (0 events):
No events

Classes redefined (0 events):
No events

Internal exceptions (0 events):
No events

Events (1 events):
Event: 0.008 Loaded shared library C:\Program Files\JetBrains\PhpStorm 2021.2.3\jbr\bin\zip.dll


Dynamic libraries:
0x00007ff60dff0000 - 0x00007ff60dffa000 	C:\Program Files\JetBrains\PhpStorm 2021.2.3\jbr\bin\java.exe
0x00007fffb4000000 - 0x00007fffb41f0000 	C:\WINDOWS\SYSTEM32\ntdll.dll
0x00007fffb2570000 - 0x00007fffb2622000 	C:\WINDOWS\System32\KERNEL32.DLL
0x00007fffb1bf0000 - 0x00007fffb1e93000 	C:\WINDOWS\System32\KERNELBASE.dll
0x00007fffb1af0000 - 0x00007fffb1bea000 	C:\WINDOWS\System32\ucrtbase.dll
0x00007fff31ff0000 - 0x00007fff32009000 	C:\Program Files\JetBrains\PhpStorm 2021.2.3\jbr\bin\jli.dll
0x00007fff31f00000 - 0x00007fff31f17000 	C:\Program Files\JetBrains\PhpStorm 2021.2.3\jbr\bin\VCRUNTIME140.dll
0x00007fffb2730000 - 0x00007fffb28c3000 	C:\WINDOWS\System32\USER32.dll
0x00007fffa6410000 - 0x00007fffa6695000 	C:\WINDOWS\WinSxS\amd64_microsoft.windows.common-controls_6595b64144ccf1df_6.0.18362.295_none_e6c3acbd13101292\COMCTL32.dll
0x00007fffb1f50000 - 0x00007fffb1f71000 	C:\WINDOWS\System32\win32u.dll
0x00007fffb3640000 - 0x00007fffb36de000 	C:\WINDOWS\System32\msvcrt.dll
0x00007fffb26f0000 - 0x00007fffb2716000 	C:\WINDOWS\System32\GDI32.dll
0x00007fffb2230000 - 0x00007fffb2566000 	C:\WINDOWS\System32\combase.dll
0x00007fffb1760000 - 0x00007fffb18f4000 	C:\WINDOWS\System32\gdi32full.dll
0x00007fffb2ba0000 - 0x00007fffb2cc0000 	C:\WINDOWS\System32\RPCRT4.dll
0x00007fffb1a50000 - 0x00007fffb1aee000 	C:\WINDOWS\System32\msvcp_win.dll
0x00007fffb2030000 - 0x00007fffb20b0000 	C:\WINDOWS\System32\bcryptPrimitives.dll
0x00007fffb26b0000 - 0x00007fffb26de000 	C:\WINDOWS\System32\IMM32.DLL
0x00007fff0fe10000 - 0x00007fff0fead000 	C:\Program Files\JetBrains\PhpStorm 2021.2.3\jbr\bin\msvcp140.dll
0x00007fff45a90000 - 0x00007fff465e8000 	C:\Program Files\JetBrains\PhpStorm 2021.2.3\jbr\bin\server\jvm.dll
0x00007fffb2e00000 - 0x00007fffb2ea3000 	C:\WINDOWS\System32\ADVAPI32.dll
0x00007fffb3f20000 - 0x00007fffb3fb7000 	C:\WINDOWS\System32\sechost.dll
0x00007fffb2720000 - 0x00007fffb2728000 	C:\WINDOWS\System32\PSAPI.DLL
0x00007fffa8070000 - 0x00007fffa8094000 	C:\WINDOWS\SYSTEM32\WINMM.dll
0x00007fffa3ce0000 - 0x00007fffa3ce9000 	C:\WINDOWS\SYSTEM32\WSOCK32.dll
0x00007fffac3f0000 - 0x00007fffac3fa000 	C:\WINDOWS\SYSTEM32\VERSION.dll
0x00007fffb2b30000 - 0x00007fffb2b9f000 	C:\WINDOWS\System32\WS2_32.dll
0x00007fffa95b0000 - 0x00007fffa95dd000 	C:\WINDOWS\SYSTEM32\winmmbase.dll
0x00007fffb0f90000 - 0x00007fffb0fda000 	C:\WINDOWS\System32\cfgmgr32.dll
0x00007fffb0ee0000 - 0x00007fffb0ef1000 	C:\WINDOWS\System32\kernel.appcore.dll
0x00007fffa4e70000 - 0x00007fffa4e81000 	C:\Program Files\JetBrains\PhpStorm 2021.2.3\jbr\bin\verify.dll
0x00007fffa3790000 - 0x00007fffa3984000 	C:\WINDOWS\SYSTEM32\DBGHELP.DLL
0x00007fffa3660000 - 0x00007fffa368a000 	C:\WINDOWS\SYSTEM32\dbgcore.DLL
0x00007fffa14e0000 - 0x00007fffa1509000 	C:\Program Files\JetBrains\PhpStorm 2021.2.3\jbr\bin\java.dll
0x00007fffa5020000 - 0x00007fffa502b000 	C:\Program Files\JetBrains\PhpStorm 2021.2.3\jbr\bin\jimage.dll
0x00007fff8e120000 - 0x00007fff8e138000 	C:\Program Files\JetBrains\PhpStorm 2021.2.3\jbr\bin\zip.dll

dbghelp: loaded successfully - version: 4.0.5 - missing functions: none
symbol engine: initialized successfully - sym options: 0x614 - pdb path: .;C:\Program Files\JetBrains\PhpStorm 2021.2.3\jbr\bin;C:\WINDOWS\SYSTEM32;C:\WINDOWS\WinSxS\amd64_microsoft.windows.common-controls_6595b64144ccf1df_6.0.18362.295_none_e6c3acbd13101292;C:\Program Files\JetBrains\PhpStorm 2021.2.3\jbr\bin\server

VM Arguments:
java_command: git4idea.http.GitAskPassApp Username for 'https://github.com': 
java_class_path (initial): C:/Program Files/JetBrains/PhpStorm 2021.2.3/plugins/git4idea/lib/git4idea-rt.jar;C:/Program Files/JetBrains/PhpStorm 2021.2.3/lib/3rd-party.jar
Launcher Type: SUN_STANDARD

[Global flags]
     intx CICompilerCount                          = 4                                         {product} {ergonomic}
     uint ConcGCThreads                            = 2                                         {product} {ergonomic}
     uint G1ConcRefinementThreads                  = 8                                         {product} {ergonomic}
   size_t G1HeapRegionSize                         = 1048576                                   {product} {ergonomic}
    uintx GCDrainStackTargetSize                   = 64                                        {product} {ergonomic}
   size_t InitialHeapSize                          = 268435456                                 {product} {ergonomic}
   size_t MarkStackSize                            = 4194304                                   {product} {ergonomic}
   size_t MaxHeapSize                              = 4267704320                                {product} {ergonomic}
   size_t MinHeapDeltaBytes                        = 1048576                                   {product} {ergonomic}
    uintx NonNMethodCodeHeapSize                   = 5836300                                {pd product} {ergonomic}
    uintx NonProfiledCodeHeapSize                  = 122910970                              {pd product} {ergonomic}
    uintx ProfiledCodeHeapSize                     = 122910970                              {pd product} {ergonomic}
    uintx ReservedCodeCacheSize                    = 251658240                              {pd product} {ergonomic}
     bool SegmentedCodeCache                       = true                                      {product} {ergonomic}
     bool UseCompressedClassPointers               = true                                 {lp64_product} {ergonomic}
     bool UseCompressedOops                        = true                                 {lp64_product} {ergonomic}
     bool UseG1GC                                  = true                                      {product} {ergonomic}
     bool UseLargePagesIndividualAllocation        = false                                  {pd product} {ergonomic}

Logging:
Log output configuration:
 #0: stdout all=warning uptime,level,tags
 #1: stderr all=off uptime,level,tags

Environment Variables:
PATH=C:\Program Files\Git\mingw64\libexec\git-core;C:\Program Files\Git\mingw64\libexec\git-core;C:\Program Files\Git\mingw64\bin;C:\Program Files\Git\usr\bin;C:\Users\Zafer\bin;C:\ProgramData\Oracle\Java\javapath;C:\Program Files\Java\jdk-13.0.2\bin;C:\Users\Zafer\AppData\Local\Programs\Python\Python3\Scripts;C:\Users\Zafer\AppData\Local\Programs\Python\Python3;C:\Program Files (x86)\Common Files\Oracle\Java\javapath;C:\Program Files\Common Files\Autodesk Shared;C:\WINDOWS\system32;C:\WINDOWS;C:\WINDOWS\System32\Wbem;C:\WINDOWS\System32\WindowsPowerShell\v1.0;C:\WINDOWS\System32\OpenSSH;C:\Program Files\nodejs;C:\Program Files\Polyspace\R2019b\runtime\win64;C:\Program Files\Polyspace\R2019b\bin;C:\Program Files\Polyspace\R2019b\polyspace\bin;C:\Program Files\dotnet;C:\Program Files\Microsoft SQL Server\Client SDK\ODBC\170\Tools\Binn;C:\Program Files (x86)\Microsoft SQL Server\150\Tools\Binn;C:\Program Files\Microsoft SQL Server\150\Tools\Binn;C:\Program Files\Microsoft SQL Server\150\DTS\Binn;C:\Program Files\Microsoft SQL Server\130\Tools\Binn;C:\Program Files (x86)\Microsoft SQL Server\150\DTS\Binn;C:\Program Files\Azure Data Studio\bin;C:\Program Files\NVIDIA Corporation\NVIDIA NvDLISR;C:\Program Files (x86)\NVIDIA Corporation\PhysX\Common;C:\Program Files\Microsoft VS Code\bin;C:\Program Files\Git\cmd;C:\php;C:\Users\Zafer\AppData\Roaming\Composer\vendor\bin;C:\Users\Zafer\AppData\Local\Programs\Python\Python36\Scripts;C:\Users\Zafer\AppData\Local\Programs\Python\Python36;C:\Users\Zafer\.cargo\bin;C:\Users\Public\Documents\Embarcadero\Studio\20.0\Bpl;C:\Program Files\Java\jdk-13.0.2\bin;C:\Users\Zafer\AppData\Local\Programs\Python\Python36-32\Scripts;C:\Users\Zafer\AppData\Local\Programs\Python\Python36-32;C:\Users\Zafer\AppData\Local\Microsoft\WindowsApps;C:\Users\Zafer\AppData\Roaming\npm;C:\Users\Zafer\AppData\Local\Programs\Microsoft VS Code\bin;C:\Users\Zafer\AppData\Local\GitHubDesktop\bin;C:\Program Files\Azure Data Studio\bin;C:\Program Files\Azure Data St
USERNAME=Zafer
DISPLAY=:0.0
LC_ALL=en_US.UTF-8
OS=Windows_NT
PROCESSOR_IDENTIFIER=Intel64 Family 6 Model 94 Stepping 3, GenuineIntel



---------------  S Y S T E M  ---------------

OS: Windows 10 , 64 bit Build 18362 (10.0.18362.86)
OS uptime: 0 days 5:01 hours

CPU:total 8 (initial active 8) (4 cores per cpu, 2 threads per core) family 6 model 94 stepping 3 microcode 0xc6, cmov, cx8, fxsr, mmx, sse, sse2, sse3, ssse3, sse4.1, sse4.2, popcnt, avx, avx2, aes, clmul, erms, rtm, 3dnowpref, lzcnt, ht, tsc, tscinvbit, bmi1, bmi2, adx, fma

Memory: 4k page, system-wide physical 16276M (4764M free)
TotalPageFile size 16276M (AvailPageFile size 228M)
current process WorkingSet (physical memory assigned to process): 10M, peak: 10M
current process commit charge ("private bytes"): 60M, peak: 316M

vm_info: OpenJDK 64-Bit Server VM (11.0.12+7-b1504.40) for windows-amd64 JRE (11.0.12+7-b1504.40), built on Sep 23 2021 14:38:03 by "" with MS VC++ 14.0 (VS2015)

END.
